<?xml version="1.0" encoding="UTF-8"?>
<!-- Generated by org.testng.reporters.JUnitXMLReporter -->
<testsuite hostname="ICPL11522" ignored="1" name="DemoTest" tests="1" failures="0" timestamp="30 Jun 2017 07:34:25 GMT" time="196.593" errors="0">
  <testcase name="verifyEntertainmnetTab" time="173.161" classname="com.toi.tests.TOITests"/>
  <testcase name="verifyTopNewStories" time="0.0" classname="com.toi.tests.TOITests">
    <ignored/>
  </testcase> <!-- verifyTopNewStories -->
</testsuite> <!-- DemoTest -->
